<?xml version="1.0" encoding="UTF-8"?>
<!-- Generated by org.testng.reporters.JUnitReportReporter -->
<testsuite skipped="0" hostname="LAPTOP-MM50KITP" name="com.blazeecommerce.Store" tests="1" failures="0" timestamp="25 Jul 2022 06:46:47 GMT" time="5.281" errors="0">
  <testcase name="tc01" time="5.281" classname="com.blazeecommerce.Store"/>
</testsuite> <!-- com.blazeecommerce.Store -->
