<?xml version="1.0" encoding="UTF-8"?>
<!-- Generated by org.testng.reporters.JUnitReportReporter -->
<testsuite skipped="0" hostname="LAPTOP-MM50KITP" name="com.blazeflight.BlazeFlight" tests="3" failures="0" timestamp="14 Jul 2022 02:26:00 GMT" time="5.670" errors="0">
  <testcase name="TC01" time="1.006" classname="com.blazeflight.BlazeFlight"/>
  <testcase name="tc02" time="0.564" classname="com.blazeflight.BlazeFlight"/>
  <testcase name="tc03" time="4.100" classname="com.blazeflight.BlazeFlight"/>
</testsuite> <!-- com.blazeflight.BlazeFlight -->
