<?xml version="1.0" encoding="UTF-8"?>
<!-- Generated by org.testng.reporters.JUnitReportReporter -->
<testsuite skipped="0" hostname="LAPTOP-MM50KITP" name="TestNG.SelectHotelPage" tests="1" failures="0" timestamp="27 Jun 2022 11:45:47 GMT" time="1.139" errors="0">
  <testcase name="tc11" time="1.139" classname="TestNG.SelectHotelPage"/>
</testsuite> <!-- TestNG.SelectHotelPage -->
