<?xml version="1.0" encoding="UTF-8"?>
<!-- Generated by org.testng.reporters.JUnitReportReporter -->
<testsuite skipped="0" hostname="LAPTOP-MM50KITP" name="TestNG.testing" tests="3" failures="0" timestamp="27 Jun 2022 09:58:14 GMT" time="0.020" errors="0">
  <testcase name="test02" time="0.015" classname="TestNG.testing"/>
  <testcase name="test01" time="0.002" classname="TestNG.testing"/>
  <testcase name="test" time="0.003" classname="TestNG.testing"/>
</testsuite> <!-- TestNG.testing -->
