<?xml version="1.0" encoding="UTF-8"?>
<!-- Generated by org.testng.reporters.JUnitReportReporter -->
<testsuite skipped="0" hostname="LAPTOP-MM50KITP" name="TestNG.LoginPage" tests="2" failures="0" timestamp="27 Jun 2022 11:45:47 GMT" time="3.712" errors="0">
  <testcase name="tc02" time="1.544" classname="TestNG.LoginPage"/>
  <testcase name="tc03" time="2.168" classname="TestNG.LoginPage"/>
</testsuite> <!-- TestNG.LoginPage -->
