<?xml version="1.0" encoding="UTF-8"?>
<!-- Generated by org.testng.reporters.JUnitReportReporter -->
<testsuite skipped="0" hostname="LAPTOP-MM50KITP" name="pomTestNG.Mainclass" tests="3" failures="0" timestamp="29 Jun 2022 06:07:05 GMT" time="3.138" errors="0">
  <testcase name="loginp" time="1.133" classname="pomTestNG.Mainclass"/>
  <testcase name="selectpom" time="0.726" classname="pomTestNG.Mainclass"/>
  <testcase name="searchhotelp" time="1.279" classname="pomTestNG.Mainclass"/>
</testsuite> <!-- pomTestNG.Mainclass -->
